Flutter crash report; please file at https://github.com/flutter/flutter/issues.

## command

flutter run --machine -t lib/main.dart -d HNB37F35 --track-widget-creation --start-paused

## exception

String: Exit code 1 from: /opt/android-sdk/platform-tools/adb -s HNB37F35 shell -x logcat -v time -t 1

```
#0      _runWithLoggingSync (package:flutter_tools/src/base/process.dart:375:7)
#1      runCheckedSync (package:flutter_tools/src/base/process.dart:297:10)
#2      AndroidDevice.runAdbCheckedSync (package:flutter_tools/src/android/android_device.dart:180:12)
#3      AndroidDevice.lastLogcatTimestamp (package:flutter_tools/src/android/android_device.dart:571:27)
#4      _AdbLogReader._start (package:flutter_tools/src/android/android_device.dart:751:41)
#5      _runGuarded (dart:async/stream_controller.dart:805:24)
#6      _BroadcastStreamController._subscribe (dart:async/broadcast_stream_controller.dart:213:7)
#7      _ControllerStream._createSubscription (dart:async/stream_controller.dart:818:19)
#8      _StreamImpl.listen (dart:async/stream_impl.dart:472:9)
#9      FlutterDevice.startEchoingDeviceLog (package:flutter_tools/src/resident_runner.dart:325:38)
#10     FlutterDevice.runHot (package:flutter_tools/src/resident_runner.dart:368:5)
<asynchronous suspension>
#11     HotRunner.run (package:flutter_tools/src/run_hot.dart:251:39)
<asynchronous suspension>
#12     AppDomain.startApp.<anonymous closure> (package:flutter_tools/src/commands/daemon.dart:447:23)
#13     AppDomain.launch.<anonymous closure> (package:flutter_tools/src/commands/daemon.dart:507:26)
<asynchronous suspension>
#14     AppContext.run.<anonymous closure> (package:flutter_tools/src/base/context.dart:153:29)
<asynchronous suspension>
#15     _rootRun (dart:async/zone.dart:1124:13)
#16     _CustomZone.run (dart:async/zone.dart:1021:19)
#17     _runZoned (dart:async/zone.dart:1516:10)
#18     runZoned (dart:async/zone.dart:1463:12)
#19     AppContext.run (package:flutter_tools/src/base/context.dart:152:18)
<asynchronous suspension>
#20     AppInstance._runInZone (package:flutter_tools/src/commands/daemon.dart:887:20)
#21     AppDomain.launch (package:flutter_tools/src/commands/daemon.dart:505:15)
<asynchronous suspension>
#22     AppDomain.startApp (package:flutter_tools/src/commands/daemon.dart:441:12)
<asynchronous suspension>
#23     RunCommand.runCommand (package:flutter_tools/src/commands/run.dart:329:38)
<asynchronous suspension>
#24     FlutterCommand.verifyThenRunCommand (package:flutter_tools/src/runner/flutter_command.dart:478:18)
<asynchronous suspension>
#25     FlutterCommand.run.<anonymous closure> (package:flutter_tools/src/runner/flutter_command.dart:383:33)
<asynchronous suspension>
#26     AppContext.run.<anonymous closure> (package:flutter_tools/src/base/context.dart:153:29)
<asynchronous suspension>
#27     _rootRun (dart:async/zone.dart:1124:13)
#28     _CustomZone.run (dart:async/zone.dart:1021:19)
#29     _runZoned (dart:async/zone.dart:1516:10)
#30     runZoned (dart:async/zone.dart:1463:12)
#31     AppContext.run (package:flutter_tools/src/base/context.dart:152:18)
<asynchronous suspension>
#32     FlutterCommand.run (package:flutter_tools/src/runner/flutter_command.dart:375:20)
#33     CommandRunner.runCommand (package:args/command_runner.dart:197:27)
<asynchronous suspension>
#34     FlutterCommandRunner.runCommand.<anonymous closure> (package:flutter_tools/src/runner/flutter_command_runner.dart:396:21)
<asynchronous suspension>
#35     AppContext.run.<anonymous closure> (package:flutter_tools/src/base/context.dart:153:29)
<asynchronous suspension>
#36     _rootRun (dart:async/zone.dart:1124:13)
#37     _CustomZone.run (dart:async/zone.dart:1021:19)
#38     _runZoned (dart:async/zone.dart:1516:10)
#39     runZoned (dart:async/zone.dart:1463:12)
#40     AppContext.run (package:flutter_tools/src/base/context.dart:152:18)
<asynchronous suspension>
#41     FlutterCommandRunner.runCommand (package:flutter_tools/src/runner/flutter_command_runner.dart:356:19)
<asynchronous suspension>
#42     CommandRunner.run.<anonymous closure> (package:args/command_runner.dart:112:25)
#43     new Future.sync (dart:async/future.dart:224:31)
#44     CommandRunner.run (package:args/command_runner.dart:112:14)
#45     FlutterCommandRunner.run (package:flutter_tools/src/runner/flutter_command_runner.dart:242:18)
#46     run.<anonymous closure>.<anonymous closure> (package:flutter_tools/runner.dart:62:22)
<asynchronous suspension>
#47     _rootRun (dart:async/zone.dart:1124:13)
#48     _CustomZone.run (dart:async/zone.dart:1021:19)
#49     _runZoned (dart:async/zone.dart:1516:10)
#50     runZoned (dart:async/zone.dart:1500:12)
#51     run.<anonymous closure> (package:flutter_tools/runner.dart:60:18)
<asynchronous suspension>
#52     AppContext.run.<anonymous closure> (package:flutter_tools/src/base/context.dart:153:29)
<asynchronous suspension>
#53     _rootRun (dart:async/zone.dart:1124:13)
#54     _CustomZone.run (dart:async/zone.dart:1021:19)
#55     _runZoned (dart:async/zone.dart:1516:10)
#56     runZoned (dart:async/zone.dart:1463:12)
#57     AppContext.run (package:flutter_tools/src/base/context.dart:152:18)
<asynchronous suspension>
#58     runInContext (package:flutter_tools/src/context_runner.dart:56:24)
<asynchronous suspension>
#59     run (package:flutter_tools/runner.dart:51:10)
#60     main (package:flutter_tools/executable.dart:62:9)
<asynchronous suspension>
#61     main (file:///b/s/w/ir/k/archive/flutter/packages/flutter_tools/bin/flutter_tools.dart:8:3)
#62     _startIsolate.<anonymous closure> (dart:isolate-patch/isolate_patch.dart:299:32)
#63     _RawReceivePortImpl._handleMessage (dart:isolate-patch/isolate_patch.dart:172:12)
```

## flutter doctor

```
[✓] Flutter (Channel stable, v1.7.8+hotfix.4, on Linux, locale en_US.UTF-8)
    • Flutter version 1.7.8+hotfix.4 at /media/cheatcode/0E2286E45B543E69/Softwares/flutter
    • Framework revision 20e59316b8 (2 weeks ago), 2019-07-18 20:04:33 -0700
    • Engine revision fee001c93f
    • Dart version 2.4.0

[✓] Android toolchain - develop for Android devices (Android SDK version 28.0.3)
    • Android SDK at /opt/android-sdk
    • Android NDK location not configured (optional; useful for native profiling support)
    • Platform android-28, build-tools 28.0.3
    • ANDROID_HOME = /opt/android-sdk
    • Java binary at: /opt/android-studio/jre/bin/java
    • Java version openjdk version "1.8.0_152-release"
    • All Android licenses accepted.

[✓] Android Studio (version 3.0)
    • Android Studio at /opt/android-studio
    • Flutter plugin version 23.2.1
    • Dart plugin version 171.4424
    • Java version openjdk version "1.8.0_152-release"

[✓] IntelliJ IDEA Community Edition (version 2017.2)
    • IntelliJ at /opt/idea-community
    • Flutter plugin version 21.2.2
    • Dart plugin version 172.4155.35

[✓] VS Code (version 1.31.1)
    • VS Code at /usr/share/code
    • Flutter extension version 2.25.1

[✓] Connected device (1 available)
    • HNB37F35 • HNB37F35 • android-arm • Android null (API null)

• No issues found!
```
